<?xml version="1.0" encoding="UTF-8"?>
<testsuite xmlns:xsi="http://www.w3.org/2001/XMLSchema-instance" xsi:noNamespaceSchemaLocation="https://maven.apache.org/surefire/maven-surefire-plugin/xsd/surefire-test-report.xsd" version="3.0.2" name="com.safetynet.safetynetalerts.SafetynetAlertsApplicationTests" time="3.265" tests="2" errors="0" skipped="0" failures="0">
  <properties>
    <property name="java.specification.version" value="21"/>
    <property name="sun.jnu.encoding" value="UTF-8"/>
    <property name="java.class.path" value="/Users/jeremy/Desktop/java/P5/SafetyNetAlerts/target/test-classes:/Users/jeremy/Desktop/java/P5/SafetyNetAlerts/target/classes:/Users/jeremy/.m2/repository/org/springframework/boot/spring-boot-starter-actuator/3.4.3/spring-boot-starter-actuator-3.4.3.jar:/Users/jeremy/.m2/repository/org/springframework/boot/spring-boot-starter/3.4.3/spring-boot-starter-3.4.3.jar:/Users/jeremy/.m2/repository/jakarta/annotation/jakarta.annotation-api/2.1.1/jakarta.annotation-api-2.1.1.jar:/Users/jeremy/.m2/repository/org/yaml/snakeyaml/2.3/snakeyaml-2.3.jar:/Users/jeremy/.m2/repository/org/springframework/boot/spring-boot-actuator-autoconfigure/3.4.3/spring-boot-actuator-autoconfigure-3.4.3.jar:/Users/jeremy/.m2/repository/org/springframework/boot/spring-boot-actuator/3.4.3/spring-boot-actuator-3.4.3.jar:/Users/jeremy/.m2/repository/com/fasterxml/jackson/core/jackson-databind/2.18.2/jackson-databind-2.18.2.jar:/Users/jeremy/.m2/repository/com/fasterxml/jackson/core/jackson-annotations/2.18.2/jackson-annotations-2.18.2.jar:/Users/jeremy/.m2/repository/com/fasterxml/jackson/core/jackson-core/2.18.2/jackson-core-2.18.2.jar:/Users/jeremy/.m2/repository/com/fasterxml/jackson/datatype/jackson-datatype-jsr310/2.18.2/jackson-datatype-jsr310-2.18.2.jar:/Users/jeremy/.m2/repository/io/micrometer/micrometer-observation/1.14.4/micrometer-observation-1.14.4.jar:/Users/jeremy/.m2/repository/io/micrometer/micrometer-commons/1.14.4/micrometer-commons-1.14.4.jar:/Users/jeremy/.m2/repository/io/micrometer/micrometer-jakarta9/1.14.4/micrometer-jakarta9-1.14.4.jar:/Users/jeremy/.m2/repository/io/micrometer/micrometer-core/1.14.4/micrometer-core-1.14.4.jar:/Users/jeremy/.m2/repository/org/hdrhistogram/HdrHistogram/2.2.2/HdrHistogram-2.2.2.jar:/Users/jeremy/.m2/repository/org/latencyutils/LatencyUtils/2.0.3/LatencyUtils-2.0.3.jar:/Users/jeremy/.m2/repository/org/springframework/boot/spring-boot-starter-web/3.4.3/spring-boot-starter-web-3.4.3.jar:/Users/jeremy/.m2/repository/org/springframework/boot/spring-boot-starter-json/3.4.3/spring-boot-starter-json-3.4.3.jar:/Users/jeremy/.m2/repository/com/fasterxml/jackson/datatype/jackson-datatype-jdk8/2.18.2/jackson-datatype-jdk8-2.18.2.jar:/Users/jeremy/.m2/repository/com/fasterxml/jackson/module/jackson-module-parameter-names/2.18.2/jackson-module-parameter-names-2.18.2.jar:/Users/jeremy/.m2/repository/org/springframework/boot/spring-boot-starter-tomcat/3.4.3/spring-boot-starter-tomcat-3.4.3.jar:/Users/jeremy/.m2/repository/org/apache/tomcat/embed/tomcat-embed-core/10.1.36/tomcat-embed-core-10.1.36.jar:/Users/jeremy/.m2/repository/org/apache/tomcat/embed/tomcat-embed-websocket/10.1.36/tomcat-embed-websocket-10.1.36.jar:/Users/jeremy/.m2/repository/org/springframework/spring-web/6.2.3/spring-web-6.2.3.jar:/Users/jeremy/.m2/repository/org/springframework/spring-beans/6.2.3/spring-beans-6.2.3.jar:/Users/jeremy/.m2/repository/org/springframework/spring-webmvc/6.2.3/spring-webmvc-6.2.3.jar:/Users/jeremy/.m2/repository/org/springframework/spring-context/6.2.3/spring-context-6.2.3.jar:/Users/jeremy/.m2/repository/org/springframework/spring-expression/6.2.3/spring-expression-6.2.3.jar:/Users/jeremy/.m2/repository/org/springframework/boot/spring-boot-starter-validation/3.4.3/spring-boot-starter-validation-3.4.3.jar:/Users/jeremy/.m2/repository/org/apache/tomcat/embed/tomcat-embed-el/10.1.36/tomcat-embed-el-10.1.36.jar:/Users/jeremy/.m2/repository/org/hibernate/validator/hibernate-validator/8.0.2.Final/hibernate-validator-8.0.2.Final.jar:/Users/jeremy/.m2/repository/org/jboss/logging/jboss-logging/3.6.1.Final/jboss-logging-3.6.1.Final.jar:/Users/jeremy/.m2/repository/com/fasterxml/classmate/1.7.0/classmate-1.7.0.jar:/Users/jeremy/.m2/repository/org/springframework/boot/spring-boot-starter-aop/3.4.3/spring-boot-starter-aop-3.4.3.jar:/Users/jeremy/.m2/repository/org/springframework/spring-aop/6.2.3/spring-aop-6.2.3.jar:/Users/jeremy/.m2/repository/org/aspectj/aspectjweaver/1.9.22.1/aspectjweaver-1.9.22.1.jar:/Users/jeremy/.m2/repository/org/springframework/boot/spring-boot-starter-logging/3.4.3/spring-boot-starter-logging-3.4.3.jar:/Users/jeremy/.m2/repository/ch/qos/logback/logback-classic/1.5.16/logback-classic-1.5.16.jar:/Users/jeremy/.m2/repository/ch/qos/logback/logback-core/1.5.16/logback-core-1.5.16.jar:/Users/jeremy/.m2/repository/org/slf4j/slf4j-api/2.0.16/slf4j-api-2.0.16.jar:/Users/jeremy/.m2/repository/org/apache/logging/log4j/log4j-to-slf4j/2.24.3/log4j-to-slf4j-2.24.3.jar:/Users/jeremy/.m2/repository/org/apache/logging/log4j/log4j-api/2.24.3/log4j-api-2.24.3.jar:/Users/jeremy/.m2/repository/org/slf4j/jul-to-slf4j/2.0.16/jul-to-slf4j-2.0.16.jar:/Users/jeremy/.m2/repository/org/springframework/boot/spring-boot-starter-test/3.4.3/spring-boot-starter-test-3.4.3.jar:/Users/jeremy/.m2/repository/org/springframework/boot/spring-boot-test/3.4.3/spring-boot-test-3.4.3.jar:/Users/jeremy/.m2/repository/org/springframework/boot/spring-boot-test-autoconfigure/3.4.3/spring-boot-test-autoconfigure-3.4.3.jar:/Users/jeremy/.m2/repository/com/jayway/jsonpath/json-path/2.9.0/json-path-2.9.0.jar:/Users/jeremy/.m2/repository/jakarta/xml/bind/jakarta.xml.bind-api/4.0.2/jakarta.xml.bind-api-4.0.2.jar:/Users/jeremy/.m2/repository/jakarta/activation/jakarta.activation-api/2.1.3/jakarta.activation-api-2.1.3.jar:/Users/jeremy/.m2/repository/net/minidev/json-smart/2.5.2/json-smart-2.5.2.jar:/Users/jeremy/.m2/repository/net/minidev/accessors-smart/2.5.2/accessors-smart-2.5.2.jar:/Users/jeremy/.m2/repository/org/ow2/asm/asm/9.7.1/asm-9.7.1.jar:/Users/jeremy/.m2/repository/org/assertj/assertj-core/3.26.3/assertj-core-3.26.3.jar:/Users/jeremy/.m2/repository/net/bytebuddy/byte-buddy/1.15.11/byte-buddy-1.15.11.jar:/Users/jeremy/.m2/repository/org/awaitility/awaitility/4.2.2/awaitility-4.2.2.jar:/Users/jeremy/.m2/repository/org/hamcrest/hamcrest/2.2/hamcrest-2.2.jar:/Users/jeremy/.m2/repository/org/junit/jupiter/junit-jupiter/5.11.4/junit-jupiter-5.11.4.jar:/Users/jeremy/.m2/repository/org/junit/jupiter/junit-jupiter-api/5.11.4/junit-jupiter-api-5.11.4.jar:/Users/jeremy/.m2/repository/org/opentest4j/opentest4j/1.3.0/opentest4j-1.3.0.jar:/Users/jeremy/.m2/repository/org/junit/platform/junit-platform-commons/1.11.4/junit-platform-commons-1.11.4.jar:/Users/jeremy/.m2/repository/org/apiguardian/apiguardian-api/1.1.2/apiguardian-api-1.1.2.jar:/Users/jeremy/.m2/repository/org/junit/jupiter/junit-jupiter-params/5.11.4/junit-jupiter-params-5.11.4.jar:/Users/jeremy/.m2/repository/org/junit/jupiter/junit-jupiter-engine/5.11.4/junit-jupiter-engine-5.11.4.jar:/Users/jeremy/.m2/repository/org/junit/platform/junit-platform-engine/1.11.4/junit-platform-engine-1.11.4.jar:/Users/jeremy/.m2/repository/org/mockito/mockito-core/5.14.2/mockito-core-5.14.2.jar:/Users/jeremy/.m2/repository/net/bytebuddy/byte-buddy-agent/1.15.11/byte-buddy-agent-1.15.11.jar:/Users/jeremy/.m2/repository/org/objenesis/objenesis/3.3/objenesis-3.3.jar:/Users/jeremy/.m2/repository/org/mockito/mockito-junit-jupiter/5.14.2/mockito-junit-jupiter-5.14.2.jar:/Users/jeremy/.m2/repository/org/skyscreamer/jsonassert/1.5.3/jsonassert-1.5.3.jar:/Users/jeremy/.m2/repository/com/vaadin/external/google/android-json/0.0.20131108.vaadin1/android-json-0.0.20131108.vaadin1.jar:/Users/jeremy/.m2/repository/org/springframework/spring-core/6.2.3/spring-core-6.2.3.jar:/Users/jeremy/.m2/repository/org/springframework/spring-jcl/6.2.3/spring-jcl-6.2.3.jar:/Users/jeremy/.m2/repository/org/springframework/spring-test/6.2.3/spring-test-6.2.3.jar:/Users/jeremy/.m2/repository/org/xmlunit/xmlunit-core/2.10.0/xmlunit-core-2.10.0.jar:/Users/jeremy/.m2/repository/org/springframework/boot/spring-boot-devtools/3.4.3/spring-boot-devtools-3.4.3.jar:/Users/jeremy/.m2/repository/org/springframework/boot/spring-boot/3.4.3/spring-boot-3.4.3.jar:/Users/jeremy/.m2/repository/org/springframework/boot/spring-boot-autoconfigure/3.4.3/spring-boot-autoconfigure-3.4.3.jar:/Users/jeremy/.m2/repository/org/projectlombok/lombok/1.18.36/lombok-1.18.36.jar:/Users/jeremy/.m2/repository/jakarta/validation/jakarta.validation-api/3.0.2/jakarta.validation-api-3.0.2.jar:"/>
    <property name="java.vm.vendor" value="Eclipse Adoptium"/>
    <property name="LOG_PATH" value="logs"/>
    <property name="sun.arch.data.model" value="64"/>
    <property name="java.vendor.url" value="https://adoptium.net/"/>
    <property name="catalina.useNaming" value="false"/>
    <property name="user.timezone" value="Europe/Paris"/>
    <property name="org.jboss.logging.provider" value="slf4j"/>
    <property name="os.name" value="Mac OS X"/>
    <property name="java.vm.specification.version" value="21"/>
    <property name="APPLICATION_NAME" value="SafetyNetAlerts"/>
    <property name="sun.java.launcher" value="SUN_STANDARD"/>
    <property name="user.country" value="FR"/>
    <property name="sun.boot.library.path" value="/Library/Java/JavaVirtualMachines/temurin-21.jdk/Contents/Home/lib"/>
    <property name="sun.java.command" value="/Users/jeremy/Desktop/java/P5/SafetyNetAlerts/target/surefire/surefirebooter-20250304213336901_3.jar /Users/jeremy/Desktop/java/P5/SafetyNetAlerts/target/surefire 2025-03-04T21-33-36_842-jvmRun1 surefire-20250304213336901_1tmp surefire_0-20250304213336901_2tmp"/>
    <property name="jdk.debug" value="release"/>
    <property name="surefire.test.class.path" value="/Users/jeremy/Desktop/java/P5/SafetyNetAlerts/target/test-classes:/Users/jeremy/Desktop/java/P5/SafetyNetAlerts/target/classes:/Users/jeremy/.m2/repository/org/springframework/boot/spring-boot-starter-actuator/3.4.3/spring-boot-starter-actuator-3.4.3.jar:/Users/jeremy/.m2/repository/org/springframework/boot/spring-boot-starter/3.4.3/spring-boot-starter-3.4.3.jar:/Users/jeremy/.m2/repository/jakarta/annotation/jakarta.annotation-api/2.1.1/jakarta.annotation-api-2.1.1.jar:/Users/jeremy/.m2/repository/org/yaml/snakeyaml/2.3/snakeyaml-2.3.jar:/Users/jeremy/.m2/repository/org/springframework/boot/spring-boot-actuator-autoconfigure/3.4.3/spring-boot-actuator-autoconfigure-3.4.3.jar:/Users/jeremy/.m2/repository/org/springframework/boot/spring-boot-actuator/3.4.3/spring-boot-actuator-3.4.3.jar:/Users/jeremy/.m2/repository/com/fasterxml/jackson/core/jackson-databind/2.18.2/jackson-databind-2.18.2.jar:/Users/jeremy/.m2/repository/com/fasterxml/jackson/core/jackson-annotations/2.18.2/jackson-annotations-2.18.2.jar:/Users/jeremy/.m2/repository/com/fasterxml/jackson/core/jackson-core/2.18.2/jackson-core-2.18.2.jar:/Users/jeremy/.m2/repository/com/fasterxml/jackson/datatype/jackson-datatype-jsr310/2.18.2/jackson-datatype-jsr310-2.18.2.jar:/Users/jeremy/.m2/repository/io/micrometer/micrometer-observation/1.14.4/micrometer-observation-1.14.4.jar:/Users/jeremy/.m2/repository/io/micrometer/micrometer-commons/1.14.4/micrometer-commons-1.14.4.jar:/Users/jeremy/.m2/repository/io/micrometer/micrometer-jakarta9/1.14.4/micrometer-jakarta9-1.14.4.jar:/Users/jeremy/.m2/repository/io/micrometer/micrometer-core/1.14.4/micrometer-core-1.14.4.jar:/Users/jeremy/.m2/repository/org/hdrhistogram/HdrHistogram/2.2.2/HdrHistogram-2.2.2.jar:/Users/jeremy/.m2/repository/org/latencyutils/LatencyUtils/2.0.3/LatencyUtils-2.0.3.jar:/Users/jeremy/.m2/repository/org/springframework/boot/spring-boot-starter-web/3.4.3/spring-boot-starter-web-3.4.3.jar:/Users/jeremy/.m2/repository/org/springframework/boot/spring-boot-starter-json/3.4.3/spring-boot-starter-json-3.4.3.jar:/Users/jeremy/.m2/repository/com/fasterxml/jackson/datatype/jackson-datatype-jdk8/2.18.2/jackson-datatype-jdk8-2.18.2.jar:/Users/jeremy/.m2/repository/com/fasterxml/jackson/module/jackson-module-parameter-names/2.18.2/jackson-module-parameter-names-2.18.2.jar:/Users/jeremy/.m2/repository/org/springframework/boot/spring-boot-starter-tomcat/3.4.3/spring-boot-starter-tomcat-3.4.3.jar:/Users/jeremy/.m2/repository/org/apache/tomcat/embed/tomcat-embed-core/10.1.36/tomcat-embed-core-10.1.36.jar:/Users/jeremy/.m2/repository/org/apache/tomcat/embed/tomcat-embed-websocket/10.1.36/tomcat-embed-websocket-10.1.36.jar:/Users/jeremy/.m2/repository/org/springframework/spring-web/6.2.3/spring-web-6.2.3.jar:/Users/jeremy/.m2/repository/org/springframework/spring-beans/6.2.3/spring-beans-6.2.3.jar:/Users/jeremy/.m2/repository/org/springframework/spring-webmvc/6.2.3/spring-webmvc-6.2.3.jar:/Users/jeremy/.m2/repository/org/springframework/spring-context/6.2.3/spring-context-6.2.3.jar:/Users/jeremy/.m2/repository/org/springframework/spring-expression/6.2.3/spring-expression-6.2.3.jar:/Users/jeremy/.m2/repository/org/springframework/boot/spring-boot-starter-validation/3.4.3/spring-boot-starter-validation-3.4.3.jar:/Users/jeremy/.m2/repository/org/apache/tomcat/embed/tomcat-embed-el/10.1.36/tomcat-embed-el-10.1.36.jar:/Users/jeremy/.m2/repository/org/hibernate/validator/hibernate-validator/8.0.2.Final/hibernate-validator-8.0.2.Final.jar:/Users/jeremy/.m2/repository/org/jboss/logging/jboss-logging/3.6.1.Final/jboss-logging-3.6.1.Final.jar:/Users/jeremy/.m2/repository/com/fasterxml/classmate/1.7.0/classmate-1.7.0.jar:/Users/jeremy/.m2/repository/org/springframework/boot/spring-boot-starter-aop/3.4.3/spring-boot-starter-aop-3.4.3.jar:/Users/jeremy/.m2/repository/org/springframework/spring-aop/6.2.3/spring-aop-6.2.3.jar:/Users/jeremy/.m2/repository/org/aspectj/aspectjweaver/1.9.22.1/aspectjweaver-1.9.22.1.jar:/Users/jeremy/.m2/repository/org/springframework/boot/spring-boot-starter-logging/3.4.3/spring-boot-starter-logging-3.4.3.jar:/Users/jeremy/.m2/repository/ch/qos/logback/logback-classic/1.5.16/logback-classic-1.5.16.jar:/Users/jeremy/.m2/repository/ch/qos/logback/logback-core/1.5.16/logback-core-1.5.16.jar:/Users/jeremy/.m2/repository/org/slf4j/slf4j-api/2.0.16/slf4j-api-2.0.16.jar:/Users/jeremy/.m2/repository/org/apache/logging/log4j/log4j-to-slf4j/2.24.3/log4j-to-slf4j-2.24.3.jar:/Users/jeremy/.m2/repository/org/apache/logging/log4j/log4j-api/2.24.3/log4j-api-2.24.3.jar:/Users/jeremy/.m2/repository/org/slf4j/jul-to-slf4j/2.0.16/jul-to-slf4j-2.0.16.jar:/Users/jeremy/.m2/repository/org/springframework/boot/spring-boot-starter-test/3.4.3/spring-boot-starter-test-3.4.3.jar:/Users/jeremy/.m2/repository/org/springframework/boot/spring-boot-test/3.4.3/spring-boot-test-3.4.3.jar:/Users/jeremy/.m2/repository/org/springframework/boot/spring-boot-test-autoconfigure/3.4.3/spring-boot-test-autoconfigure-3.4.3.jar:/Users/jeremy/.m2/repository/com/jayway/jsonpath/json-path/2.9.0/json-path-2.9.0.jar:/Users/jeremy/.m2/repository/jakarta/xml/bind/jakarta.xml.bind-api/4.0.2/jakarta.xml.bind-api-4.0.2.jar:/Users/jeremy/.m2/repository/jakarta/activation/jakarta.activation-api/2.1.3/jakarta.activation-api-2.1.3.jar:/Users/jeremy/.m2/repository/net/minidev/json-smart/2.5.2/json-smart-2.5.2.jar:/Users/jeremy/.m2/repository/net/minidev/accessors-smart/2.5.2/accessors-smart-2.5.2.jar:/Users/jeremy/.m2/repository/org/ow2/asm/asm/9.7.1/asm-9.7.1.jar:/Users/jeremy/.m2/repository/org/assertj/assertj-core/3.26.3/assertj-core-3.26.3.jar:/Users/jeremy/.m2/repository/net/bytebuddy/byte-buddy/1.15.11/byte-buddy-1.15.11.jar:/Users/jeremy/.m2/repository/org/awaitility/awaitility/4.2.2/awaitility-4.2.2.jar:/Users/jeremy/.m2/repository/org/hamcrest/hamcrest/2.2/hamcrest-2.2.jar:/Users/jeremy/.m2/repository/org/junit/jupiter/junit-jupiter/5.11.4/junit-jupiter-5.11.4.jar:/Users/jeremy/.m2/repository/org/junit/jupiter/junit-jupiter-api/5.11.4/junit-jupiter-api-5.11.4.jar:/Users/jeremy/.m2/repository/org/opentest4j/opentest4j/1.3.0/opentest4j-1.3.0.jar:/Users/jeremy/.m2/repository/org/junit/platform/junit-platform-commons/1.11.4/junit-platform-commons-1.11.4.jar:/Users/jeremy/.m2/repository/org/apiguardian/apiguardian-api/1.1.2/apiguardian-api-1.1.2.jar:/Users/jeremy/.m2/repository/org/junit/jupiter/junit-jupiter-params/5.11.4/junit-jupiter-params-5.11.4.jar:/Users/jeremy/.m2/repository/org/junit/jupiter/junit-jupiter-engine/5.11.4/junit-jupiter-engine-5.11.4.jar:/Users/jeremy/.m2/repository/org/junit/platform/junit-platform-engine/1.11.4/junit-platform-engine-1.11.4.jar:/Users/jeremy/.m2/repository/org/mockito/mockito-core/5.14.2/mockito-core-5.14.2.jar:/Users/jeremy/.m2/repository/net/bytebuddy/byte-buddy-agent/1.15.11/byte-buddy-agent-1.15.11.jar:/Users/jeremy/.m2/repository/org/objenesis/objenesis/3.3/objenesis-3.3.jar:/Users/jeremy/.m2/repository/org/mockito/mockito-junit-jupiter/5.14.2/mockito-junit-jupiter-5.14.2.jar:/Users/jeremy/.m2/repository/org/skyscreamer/jsonassert/1.5.3/jsonassert-1.5.3.jar:/Users/jeremy/.m2/repository/com/vaadin/external/google/android-json/0.0.20131108.vaadin1/android-json-0.0.20131108.vaadin1.jar:/Users/jeremy/.m2/repository/org/springframework/spring-core/6.2.3/spring-core-6.2.3.jar:/Users/jeremy/.m2/repository/org/springframework/spring-jcl/6.2.3/spring-jcl-6.2.3.jar:/Users/jeremy/.m2/repository/org/springframework/spring-test/6.2.3/spring-test-6.2.3.jar:/Users/jeremy/.m2/repository/org/xmlunit/xmlunit-core/2.10.0/xmlunit-core-2.10.0.jar:/Users/jeremy/.m2/repository/org/springframework/boot/spring-boot-devtools/3.4.3/spring-boot-devtools-3.4.3.jar:/Users/jeremy/.m2/repository/org/springframework/boot/spring-boot/3.4.3/spring-boot-3.4.3.jar:/Users/jeremy/.m2/repository/org/springframework/boot/spring-boot-autoconfigure/3.4.3/spring-boot-autoconfigure-3.4.3.jar:/Users/jeremy/.m2/repository/org/projectlombok/lombok/1.18.36/lombok-1.18.36.jar:/Users/jeremy/.m2/repository/jakarta/validation/jakarta.validation-api/3.0.2/jakarta.validation-api-3.0.2.jar:"/>
    <property name="sun.cpu.endian" value="little"/>
    <property name="user.home" value="/Users/jeremy"/>
    <property name="user.language" value="fr"/>
    <property name="java.specification.vendor" value="Oracle Corporation"/>
    <property name="java.version.date" value="2025-01-21"/>
    <property name="java.home" value="/Library/Java/JavaVirtualMachines/temurin-21.jdk/Contents/Home"/>
    <property name="file.separator" value="/"/>
    <property name="basedir" value="/Users/jeremy/Desktop/java/P5/SafetyNetAlerts"/>
    <property name="java.vm.compressedOopsMode" value="Zero based"/>
    <property name="line.separator" value="&#10;"/>
    <property name="java.vm.specification.vendor" value="Oracle Corporation"/>
    <property name="java.specification.name" value="Java Platform API Specification"/>
    <property name="FILE_LOG_CHARSET" value="UTF-8"/>
    <property name="java.awt.headless" value="true"/>
    <property name="apple.awt.application.name" value="ForkedBooter"/>
    <property name="surefire.real.class.path" value="/Users/jeremy/Desktop/java/P5/SafetyNetAlerts/target/surefire/surefirebooter-20250304213336901_3.jar"/>
    <property name="sun.management.compiler" value="HotSpot 64-Bit Tiered Compilers"/>
    <property name="java.runtime.version" value="21.0.6+7-LTS"/>
    <property name="user.name" value="jeremy"/>
    <property name="stdout.encoding" value="UTF-8"/>
    <property name="path.separator" value=":"/>
    <property name="os.version" value="15.3.1"/>
    <property name="java.runtime.name" value="OpenJDK Runtime Environment"/>
    <property name="file.encoding" value="UTF-8"/>
    <property name="FILE_LOG_PATTERN" value="%d{yyyy-MM-dd HH:mm:ss} %-5p %c{1}:%L %msg%n"/>
    <property name="java.vm.name" value="OpenJDK 64-Bit Server VM"/>
    <property name="java.vendor.version" value="Temurin-21.0.6+7"/>
    <property name="LOG_FILE" value="logs/app.log"/>
    <property name="localRepository" value="/Users/jeremy/.m2/repository"/>
    <property name="java.vendor.url.bug" value="https://github.com/adoptium/adoptium-support/issues"/>
    <property name="java.io.tmpdir" value="/var/folders/tl/m29v79k50ybgtv7r4bfhns200000gn/T/"/>
    <property name="catalina.home" value="/private/var/folders/tl/m29v79k50ybgtv7r4bfhns200000gn/T/tomcat.8080.14122616047363027131"/>
    <property name="java.version" value="21.0.6"/>
    <property name="user.dir" value="/Users/jeremy/Desktop/java/P5/SafetyNetAlerts"/>
    <property name="os.arch" value="aarch64"/>
    <property name="java.vm.specification.name" value="Java Virtual Machine Specification"/>
    <property name="PID" value="64161"/>
    <property name="CONSOLE_LOG_CHARSET" value="UTF-8"/>
    <property name="catalina.base" value="/private/var/folders/tl/m29v79k50ybgtv7r4bfhns200000gn/T/tomcat.8080.14122616047363027131"/>
    <property name="native.encoding" value="UTF-8"/>
    <property name="java.library.path" value="/Users/jeremy/Library/Java/Extensions:/Library/Java/Extensions:/Network/Library/Java/Extensions:/System/Library/Java/Extensions:/usr/lib/java:."/>
    <property name="java.vm.info" value="mixed mode, sharing"/>
    <property name="stderr.encoding" value="UTF-8"/>
    <property name="java.vendor" value="Eclipse Adoptium"/>
    <property name="java.vm.version" value="21.0.6+7-LTS"/>
    <property name="sun.io.unicode.encoding" value="UnicodeBig"/>
    <property name="java.class.version" value="65.0"/>
    <property name="LOGGED_APPLICATION_NAME" value="[SafetyNetAlerts] "/>
  </properties>
  <testcase name="applicationStartsSuccessfully" classname="com.safetynet.safetynetalerts.SafetynetAlertsApplicationTests" time="0.878">
    <system-out><![CDATA[21:33:40.240 [main] INFO org.springframework.test.context.support.AnnotationConfigContextLoaderUtils -- Could not detect default configuration classes for test class [com.safetynet.safetynetalerts.SafetynetAlertsApplicationTests]: SafetynetAlertsApplicationTests does not declare any static, non-private, non-final, nested classes annotated with @Configuration.
21:33:40.304 [main] INFO org.springframework.boot.test.context.SpringBootTestContextBootstrapper -- Found @SpringBootConfiguration com.safetynet.safetynetalerts.SafetynetAlertsApplication for test class com.safetynet.safetynetalerts.SafetynetAlertsApplicationTests
21:33:40.375 [main] INFO org.springframework.boot.devtools.restart.RestartApplicationListener -- Restart disabled due to context in which it is running

  .   ____          _            __ _ _
 /\\ / ___'_ __ _ _(_)_ __  __ _ \ \ \ \
( ( )\___ | '_ | '_| | '_ \/ _` | \ \ \ \
 \\/  ___)| |_)| | | | | || (_| |  ) ) ) )
  '  |____| .__|_| |_|_| |_\__, | / / / /
 =========|_|==============|___/=/_/_/_/

 :: Spring Boot ::                (v3.4.3)

2025-03-04T21:33:40.580+01:00  INFO 64161 --- [SafetyNetAlerts] [           main] c.s.s.SafetynetAlertsApplicationTests    : Starting SafetynetAlertsApplicationTests using Java 21.0.6 with PID 64161 (started by jeremy in /Users/jeremy/Desktop/java/P5/SafetyNetAlerts)
2025-03-04T21:33:40.584+01:00 DEBUG 64161 --- [SafetyNetAlerts] [           main] c.s.s.SafetynetAlertsApplicationTests    : Running with Spring Boot v3.4.3, Spring v6.2.3
2025-03-04T21:33:40.584+01:00  INFO 64161 --- [SafetyNetAlerts] [           main] c.s.s.SafetynetAlertsApplicationTests    : No active profile set, falling back to 1 default profile: "default"
2025-03-04T21:33:41.493+01:00 DEBUG 64161 --- [SafetyNetAlerts] [           main] c.s.s.aspect.LoggingAspect               : 🔶 Entering service: loadFromFile
2025-03-04T21:33:41.500+01:00  INFO 64161 --- [SafetyNetAlerts] [           main] c.s.s.service.JacksonService             : 🟢 Data loaded from file: src/main/resources/data/data.json
2025-03-04T21:33:41.501+01:00 DEBUG 64161 --- [SafetyNetAlerts] [           main] c.s.s.aspect.LoggingAspect               : 🔷 Exiting service: loadFromFile
2025-03-04T21:33:41.501+01:00 DEBUG 64161 --- [SafetyNetAlerts] [           main] c.s.s.aspect.LoggingAspect               : 🚀 Method loadFromFile executed in 8 ms
2025-03-04T21:33:41.501+01:00  INFO 64161 --- [SafetyNetAlerts] [           main] c.s.s.config.JacksonConfig               : 🟢 Successfully loaded JSON data from file
2025-03-04T21:33:42.489+01:00  INFO 64161 --- [SafetyNetAlerts] [           main] o.s.b.a.e.web.EndpointLinksResolver      : Exposing 1 endpoint beneath base path '/actuator'
2025-03-04T21:33:42.545+01:00  INFO 64161 --- [SafetyNetAlerts] [           main] c.s.s.SafetynetAlertsApplicationTests    : Started SafetynetAlertsApplicationTests in 2.178 seconds (process running for 5.583)
2025-03-04T21:33:42.599+01:00  INFO 64161 --- [SafetyNetAlerts] [           main] c.s.s.SafetynetAlertsApplication         : Application started 🚀
2025-03-04T21:33:42.601+01:00  INFO 64161 --- [SafetyNetAlerts] [           main] o.s.b.d.r.RestartApplicationListener     : Restart disabled due to context in which it is running

  .   ____          _            __ _ _
 /\\ / ___'_ __ _ _(_)_ __  __ _ \ \ \ \
( ( )\___ | '_ | '_| | '_ \/ _` | \ \ \ \
 \\/  ___)| |_)| | | | | || (_| |  ) ) ) )
  '  |____| .__|_| |_|_| |_\__, | / / / /
 =========|_|==============|___/=/_/_/_/

 :: Spring Boot ::                (v3.4.3)

2025-03-04T21:33:42.622+01:00  INFO 64161 --- [SafetyNetAlerts] [           main] c.s.s.SafetynetAlertsApplication         : Starting SafetynetAlertsApplication using Java 21.0.6 with PID 64161 (started by jeremy in /Users/jeremy/Desktop/java/P5/SafetyNetAlerts)
2025-03-04T21:33:42.622+01:00 DEBUG 64161 --- [SafetyNetAlerts] [           main] c.s.s.SafetynetAlertsApplication         : Running with Spring Boot v3.4.3, Spring v6.2.3
2025-03-04T21:33:42.622+01:00  INFO 64161 --- [SafetyNetAlerts] [           main] c.s.s.SafetynetAlertsApplication         : No active profile set, falling back to 1 default profile: "default"
2025-03-04T21:33:42.930+01:00  INFO 64161 --- [SafetyNetAlerts] [           main] o.s.b.w.embedded.tomcat.TomcatWebServer  : Tomcat initialized with port 8080 (http)
2025-03-04T21:33:42.971+01:00  INFO 64161 --- [SafetyNetAlerts] [           main] w.s.c.ServletWebServerApplicationContext : Root WebApplicationContext: initialization completed in 348 ms
2025-03-04T21:33:43.116+01:00 DEBUG 64161 --- [SafetyNetAlerts] [           main] c.s.s.aspect.LoggingAspect               : 🔶 Entering service: loadFromFile
2025-03-04T21:33:43.120+01:00  INFO 64161 --- [SafetyNetAlerts] [           main] c.s.s.service.JacksonService             : 🟢 Data loaded from file: src/main/resources/data/data.json
2025-03-04T21:33:43.120+01:00 DEBUG 64161 --- [SafetyNetAlerts] [           main] c.s.s.aspect.LoggingAspect               : 🔷 Exiting service: loadFromFile
2025-03-04T21:33:43.120+01:00 DEBUG 64161 --- [SafetyNetAlerts] [           main] c.s.s.aspect.LoggingAspect               : 🚀 Method loadFromFile executed in 4 ms
2025-03-04T21:33:43.120+01:00  INFO 64161 --- [SafetyNetAlerts] [           main] c.s.s.config.JacksonConfig               : 🟢 Successfully loaded JSON data from file
2025-03-04T21:33:43.432+01:00  INFO 64161 --- [SafetyNetAlerts] [           main] o.s.b.a.e.web.EndpointLinksResolver      : Exposing 1 endpoint beneath base path '/actuator'
2025-03-04T21:33:43.464+01:00  INFO 64161 --- [SafetyNetAlerts] [           main] o.s.b.w.embedded.tomcat.TomcatWebServer  : Tomcat started on port 8080 (http) with context path '/'
2025-03-04T21:33:43.468+01:00  INFO 64161 --- [SafetyNetAlerts] [           main] c.s.s.SafetynetAlertsApplication         : Started SafetynetAlertsApplication in 0.868 seconds (process running for 6.506)
]]></system-out>
  </testcase>
  <testcase name="contextLoads" classname="com.safetynet.safetynetalerts.SafetynetAlertsApplicationTests" time="0.002"/>
</testsuite>